{"/home/runner/work/technip-demo/technip-demo/frontend/src/App.jsx": {"path":"/home/runner/work/technip-demo/technip-demo/frontend/src/App.jsx","statementMap":{"0":{"start":{"line":5,"column":4},"end":{"line":9,"column":6}}},"fnMap":{"0":{"name":"App","decl":{"start":{"line":4,"column":9},"end":{"line":4,"column":12}},"loc":{"start":{"line":4,"column":15},"end":{"line":10,"column":1}},"line":4}},"branchMap":{},"s":{"0":0},"f":{"0":0},"b":{}}
,"/home/runner/work/technip-demo/technip-demo/frontend/src/index.js": {"path":"/home/runner/work/technip-demo/technip-demo/frontend/src/index.js","statementMap":{"0":{"start":{"line":6,"column":13},"end":{"line":6,"column":65}},"1":{"start":{"line":8,"column":0},"end":{"line":12,"column":2}}},"fnMap":{},"branchMap":{},"s":{"0":0,"1":0},"f":{},"b":{}}
,"/home/runner/work/technip-demo/technip-demo/frontend/src/components/Dashboard.jsx": {"path":"/home/runner/work/technip-demo/technip-demo/frontend/src/components/Dashboard.jsx","statementMap":{"0":{"start":{"line":17,"column":0},"end":{"line":26,"column":2}},"1":{"start":{"line":28,"column":18},"end":{"line":261,"column":1}},"2":{"start":{"line":29,"column":48},"end":{"line":29,"column":60}},"3":{"start":{"line":30,"column":40},"end":{"line":30,"column":52}},"4":{"start":{"line":31,"column":36},"end":{"line":31,"column":48}},"5":{"start":{"line":32,"column":38},"end":{"line":32,"column":57}},"6":{"start":{"line":33,"column":34},"end":{"line":33,"column":48}},"7":{"start":{"line":34,"column":54},"end":{"line":34,"column":68}},"8":{"start":{"line":35,"column":58},"end":{"line":35,"column":72}},"9":{"start":{"line":37,"column":4},"end":{"line":57,"column":11}},"10":{"start":{"line":38,"column":26},"end":{"line":54,"column":9}},"11":{"start":{"line":39,"column":12},"end":{"line":53,"column":13}},"12":{"start":{"line":40,"column":63},"end":{"line":44,"column":18}},"13":{"start":{"line":46,"column":16},"end":{"line":46,"column":53}},"14":{"start":{"line":47,"column":16},"end":{"line":47,"column":49}},"15":{"start":{"line":48,"column":16},"end":{"line":48,"column":43}},"16":{"start":{"line":49,"column":16},"end":{"line":49,"column":34}},"17":{"start":{"line":51,"column":16},"end":{"line":51,"column":61}},"18":{"start":{"line":52,"column":16},"end":{"line":52,"column":34}},"19":{"start":{"line":56,"column":8},"end":{"line":56,"column":20}},"20":{"start":{"line":59,"column":40},"end":{"line":66,"column":5}},"21":{"start":{"line":60,"column":8},"end":{"line":65,"column":9}},"22":{"start":{"line":61,"column":29},"end":{"line":61,"column":95}},"23":{"start":{"line":62,"column":12},"end":{"line":62,"column":41}},"24":{"start":{"line":64,"column":12},"end":{"line":64,"column":74}},"25":{"start":{"line":68,"column":32},"end":{"line":73,"column":5}},"26":{"start":{"line":69,"column":8},"end":{"line":69,"column":40}},"27":{"start":{"line":70,"column":8},"end":{"line":70,"column":44}},"28":{"start":{"line":71,"column":8},"end":{"line":71,"column":47}},"29":{"start":{"line":72,"column":8},"end":{"line":72,"column":33}},"30":{"start":{"line":75,"column":33},"end":{"line":84,"column":5}},"31":{"start":{"line":76,"column":8},"end":{"line":76,"column":35}},"32":{"start":{"line":77,"column":8},"end":{"line":77,"column":37}},"33":{"start":{"line":78,"column":8},"end":{"line":83,"column":9}},"34":{"start":{"line":79,"column":33},"end":{"line":79,"column":78}},"35":{"start":{"line":80,"column":12},"end":{"line":80,"column":45}},"36":{"start":{"line":82,"column":12},"end":{"line":82,"column":70}},"37":{"start":{"line":86,"column":24},"end":{"line":110,"column":5}},"38":{"start":{"line":88,"column":24},"end":{"line":88,"column":82}},"39":{"start":{"line":89,"column":24},"end":{"line":98,"column":9}},"40":{"start":{"line":92,"column":16},"end":{"line":96,"column":27}},"41":{"start":{"line":99,"column":27},"end":{"line":99,"column":45}},"42":{"start":{"line":102,"column":21},"end":{"line":102,"column":80}},"43":{"start":{"line":103,"column":21},"end":{"line":103,"column":48}},"44":{"start":{"line":104,"column":20},"end":{"line":104,"column":45}},"45":{"start":{"line":105,"column":8},"end":{"line":105,"column":39}},"46":{"start":{"line":106,"column":8},"end":{"line":106,"column":66}},"47":{"start":{"line":107,"column":8},"end":{"line":107,"column":40}},"48":{"start":{"line":108,"column":8},"end":{"line":108,"column":21}},"49":{"start":{"line":109,"column":8},"end":{"line":109,"column":40}},"50":{"start":{"line":112,"column":31},"end":{"line":158,"column":5}},"51":{"start":{"line":113,"column":8},"end":{"line":157,"column":14}},"52":{"start":{"line":131,"column":54},"end":{"line":131,"column":67}},"53":{"start":{"line":135,"column":60},"end":{"line":135,"column":76}},"54":{"start":{"line":142,"column":24},"end":{"line":146,"column":25}},"55":{"start":{"line":143,"column":42},"end":{"line":143,"column":59}},"56":{"start":{"line":144,"column":44},"end":{"line":144,"column":65}},"57":{"start":{"line":145,"column":28},"end":{"line":145,"column":88}},"58":{"start":{"line":151,"column":50},"end":{"line":151,"column":81}},"59":{"start":{"line":160,"column":24},"end":{"line":223,"column":5}},"60":{"start":{"line":161,"column":8},"end":{"line":222,"column":9}},"61":{"start":{"line":163,"column":16},"end":{"line":163,"column":44}},"62":{"start":{"line":165,"column":38},"end":{"line":167,"column":45}},"63":{"start":{"line":169,"column":16},"end":{"line":202,"column":18}},"64":{"start":{"line":191,"column":65},"end":{"line":191,"column":78}},"65":{"start":{"line":195,"column":71},"end":{"line":195,"column":81}},"66":{"start":{"line":204,"column":16},"end":{"line":219,"column":18}},"67":{"start":{"line":207,"column":57},"end":{"line":207,"column":64}},"68":{"start":{"line":211,"column":63},"end":{"line":211,"column":71}},"69":{"start":{"line":221,"column":16},"end":{"line":221,"column":28}},"70":{"start":{"line":225,"column":4},"end":{"line":240,"column":5}},"71":{"start":{"line":226,"column":8},"end":{"line":239,"column":10}},"72":{"start":{"line":242,"column":4},"end":{"line":260,"column":6}},"73":{"start":{"line":247,"column":39},"end":{"line":247,"column":62}},"74":{"start":{"line":250,"column":39},"end":{"line":250,"column":63}},"75":{"start":{"line":253,"column":39},"end":{"line":253,"column":59}},"76":{"start":{"line":263,"column":17},"end":{"line":271,"column":2}},"77":{"start":{"line":263,"column":32},"end":{"line":271,"column":1}}},"fnMap":{"0":{"name":"(anonymous_0)","decl":{"start":{"line":28,"column":18},"end":{"line":28,"column":19}},"loc":{"start":{"line":28,"column":24},"end":{"line":261,"column":1}},"line":28},"1":{"name":"(anonymous_1)","decl":{"start":{"line":37,"column":14},"end":{"line":37,"column":15}},"loc":{"start":{"line":37,"column":20},"end":{"line":57,"column":5}},"line":37},"2":{"name":"(anonymous_2)","decl":{"start":{"line":38,"column":26},"end":{"line":38,"column":27}},"loc":{"start":{"line":38,"column":38},"end":{"line":54,"column":9}},"line":38},"3":{"name":"(anonymous_3)","decl":{"start":{"line":59,"column":40},"end":{"line":59,"column":41}},"loc":{"start":{"line":59,"column":61},"end":{"line":66,"column":5}},"line":59},"4":{"name":"(anonymous_4)","decl":{"start":{"line":68,"column":32},"end":{"line":68,"column":33}},"loc":{"start":{"line":68,"column":60},"end":{"line":73,"column":5}},"line":68},"5":{"name":"(anonymous_5)","decl":{"start":{"line":75,"column":33},"end":{"line":75,"column":34}},"loc":{"start":{"line":75,"column":45},"end":{"line":84,"column":5}},"line":75},"6":{"name":"(anonymous_6)","decl":{"start":{"line":86,"column":24},"end":{"line":86,"column":25}},"loc":{"start":{"line":86,"column":30},"end":{"line":110,"column":5}},"line":86},"7":{"name":"(anonymous_7)","decl":{"start":{"line":91,"column":34},"end":{"line":91,"column":35}},"loc":{"start":{"line":92,"column":16},"end":{"line":96,"column":27}},"line":92},"8":{"name":"(anonymous_8)","decl":{"start":{"line":112,"column":31},"end":{"line":112,"column":32}},"loc":{"start":{"line":113,"column":8},"end":{"line":157,"column":14}},"line":113},"9":{"name":"(anonymous_9)","decl":{"start":{"line":131,"column":47},"end":{"line":131,"column":48}},"loc":{"start":{"line":131,"column":54},"end":{"line":131,"column":67}},"line":131},"10":{"name":"(anonymous_10)","decl":{"start":{"line":135,"column":53},"end":{"line":135,"column":54}},"loc":{"start":{"line":135,"column":60},"end":{"line":135,"column":76}},"line":135},"11":{"name":"(anonymous_11)","decl":{"start":{"line":141,"column":29},"end":{"line":141,"column":30}},"loc":{"start":{"line":141,"column":50},"end":{"line":147,"column":21}},"line":141},"12":{"name":"(anonymous_12)","decl":{"start":{"line":151,"column":44},"end":{"line":151,"column":45}},"loc":{"start":{"line":151,"column":50},"end":{"line":151,"column":81}},"line":151},"13":{"name":"(anonymous_13)","decl":{"start":{"line":160,"column":24},"end":{"line":160,"column":25}},"loc":{"start":{"line":160,"column":30},"end":{"line":223,"column":5}},"line":160},"14":{"name":"(anonymous_14)","decl":{"start":{"line":191,"column":55},"end":{"line":191,"column":56}},"loc":{"start":{"line":191,"column":65},"end":{"line":191,"column":78}},"line":191},"15":{"name":"(anonymous_15)","decl":{"start":{"line":195,"column":61},"end":{"line":195,"column":62}},"loc":{"start":{"line":195,"column":71},"end":{"line":195,"column":81}},"line":195},"16":{"name":"(anonymous_16)","decl":{"start":{"line":207,"column":49},"end":{"line":207,"column":50}},"loc":{"start":{"line":207,"column":57},"end":{"line":207,"column":64}},"line":207},"17":{"name":"(anonymous_17)","decl":{"start":{"line":211,"column":55},"end":{"line":211,"column":56}},"loc":{"start":{"line":211,"column":63},"end":{"line":211,"column":71}},"line":211},"18":{"name":"(anonymous_18)","decl":{"start":{"line":247,"column":33},"end":{"line":247,"column":34}},"loc":{"start":{"line":247,"column":39},"end":{"line":247,"column":62}},"line":247},"19":{"name":"(anonymous_19)","decl":{"start":{"line":250,"column":33},"end":{"line":250,"column":34}},"loc":{"start":{"line":250,"column":39},"end":{"line":250,"column":63}},"line":250},"20":{"name":"(anonymous_20)","decl":{"start":{"line":253,"column":33},"end":{"line":253,"column":34}},"loc":{"start":{"line":253,"column":39},"end":{"line":253,"column":59}},"line":253},"21":{"name":"(anonymous_21)","decl":{"start":{"line":263,"column":17},"end":{"line":263,"column":18}},"loc":{"start":{"line":263,"column":32},"end":{"line":271,"column":1}},"line":263}},"branchMap":{"0":{"loc":{"start":{"line":142,"column":24},"end":{"line":146,"column":25}},"type":"if","locations":[{"start":{"line":142,"column":24},"end":{"line":146,"column":25}},{"start":{},"end":{}}],"line":142},"1":{"loc":{"start":{"line":161,"column":8},"end":{"line":222,"column":9}},"type":"switch","locations":[{"start":{"line":162,"column":12},"end":{"line":163,"column":44}},{"start":{"line":164,"column":12},"end":{"line":202,"column":18}},{"start":{"line":203,"column":12},"end":{"line":219,"column":18}},{"start":{"line":220,"column":12},"end":{"line":221,"column":28}}],"line":161},"2":{"loc":{"start":{"line":165,"column":38},"end":{"line":167,"column":45}},"type":"cond-expr","locations":[{"start":{"line":166,"column":22},"end":{"line":166,"column":79}},{"start":{"line":167,"column":22},"end":{"line":167,"column":45}}],"line":165},"3":{"loc":{"start":{"line":173,"column":29},"end":{"line":187,"column":29}},"type":"binary-expr","locations":[{"start":{"line":173,"column":29},"end":{"line":173,"column":46}},{"start":{"line":174,"column":32},"end":{"line":186,"column":41}}],"line":173},"4":{"loc":{"start":{"line":225,"column":4},"end":{"line":240,"column":5}},"type":"if","locations":[{"start":{"line":225,"column":4},"end":{"line":240,"column":5}},{"start":{},"end":{}}],"line":225},"5":{"loc":{"start":{"line":267,"column":18},"end":{"line":267,"column":67}},"type":"cond-expr","locations":[{"start":{"line":267,"column":29},"end":{"line":267,"column":48}},{"start":{"line":267,"column":51},"end":{"line":267,"column":67}}],"line":267},"6":{"loc":{"start":{"line":268,"column":21},"end":{"line":268,"column":53}},"type":"cond-expr","locations":[{"start":{"line":268,"column":32},"end":{"line":268,"column":41}},{"start":{"line":268,"column":44},"end":{"line":268,"column":53}}],"line":268},"7":{"loc":{"start":{"line":270,"column":16},"end":{"line":270,"column":44}},"type":"cond-expr","locations":[{"start":{"line":270,"column":27},"end":{"line":270,"column":33}},{"start":{"line":270,"column":36},"end":{"line":270,"column":44}}],"line":270}},"s":{"0":0,"1":0,"2":0,"3":0,"4":0,"5":0,"6":0,"7":0,"8":0,"9":0,"10":0,"11":0,"12":0,"13":0,"14":0,"15":0,"16":0,"17":0,"18":0,"19":0,"20":0,"21":0,"22":0,"23":0,"24":0,"25":0,"26":0,"27":0,"28":0,"29":0,"30":0,"31":0,"32":0,"33":0,"34":0,"35":0,"36":0,"37":0,"38":0,"39":0,"40":0,"41":0,"42":0,"43":0,"44":0,"45":0,"46":0,"47":0,"48":0,"49":0,"50":0,"51":0,"52":0,"53":0,"54":0,"55":0,"56":0,"57":0,"58":0,"59":0,"60":0,"61":0,"62":0,"63":0,"64":0,"65":0,"66":0,"67":0,"68":0,"69":0,"70":0,"71":0,"72":0,"73":0,"74":0,"75":0,"76":0,"77":0},"f":{"0":0,"1":0,"2":0,"3":0,"4":0,"5":0,"6":0,"7":0,"8":0,"9":0,"10":0,"11":0,"12":0,"13":0,"14":0,"15":0,"16":0,"17":0,"18":0,"19":0,"20":0,"21":0},"b":{"0":[0,0],"1":[0,0,0,0],"2":[0,0],"3":[0,0],"4":[0,0],"5":[0,0],"6":[0,0],"7":[0,0]}}
}
