TN:
SF:src/App.jsx
FN:4,App
FNF:1
FNH:0
FNDA:0,App
DA:5,0
LF:1
LH:0
BRF:0
BRH:0
end_of_record
TN:
SF:src/index.js
FNF:0
FNH:0
DA:6,0
DA:8,0
LF:2
LH:0
BRF:0
BRH:0
end_of_record
TN:
SF:src/components/Dashboard.jsx
FN:28,(anonymous_0)
FN:37,(anonymous_1)
FN:38,(anonymous_2)
FN:59,(anonymous_3)
FN:68,(anonymous_4)
FN:75,(anonymous_5)
FN:86,(anonymous_6)
FN:91,(anonymous_7)
FN:112,(anonymous_8)
FN:131,(anonymous_9)
FN:135,(anonymous_10)
FN:141,(anonymous_11)
FN:151,(anonymous_12)
FN:160,(anonymous_13)
FN:191,(anonymous_14)
FN:195,(anonymous_15)
FN:207,(anonymous_16)
FN:211,(anonymous_17)
FN:247,(anonymous_18)
FN:250,(anonymous_19)
FN:253,(anonymous_20)
FN:263,(anonymous_21)
FNF:22
FNH:0
FNDA:0,(anonymous_0)
FNDA:0,(anonymous_1)
FNDA:0,(anonymous_2)
FNDA:0,(anonymous_3)
FNDA:0,(anonymous_4)
FNDA:0,(anonymous_5)
FNDA:0,(anonymous_6)
FNDA:0,(anonymous_7)
FNDA:0,(anonymous_8)
FNDA:0,(anonymous_9)
FNDA:0,(anonymous_10)
FNDA:0,(anonymous_11)
FNDA:0,(anonymous_12)
FNDA:0,(anonymous_13)
FNDA:0,(anonymous_14)
FNDA:0,(anonymous_15)
FNDA:0,(anonymous_16)
FNDA:0,(anonymous_17)
FNDA:0,(anonymous_18)
FNDA:0,(anonymous_19)
FNDA:0,(anonymous_20)
FNDA:0,(anonymous_21)
DA:17,0
DA:28,0
DA:29,0
DA:30,0
DA:31,0
DA:32,0
DA:33,0
DA:34,0
DA:35,0
DA:37,0
DA:38,0
DA:39,0
DA:40,0
DA:46,0
DA:47,0
DA:48,0
DA:49,0
DA:51,0
DA:52,0
DA:56,0
DA:59,0
DA:60,0
DA:61,0
DA:62,0
DA:64,0
DA:68,0
DA:69,0
DA:70,0
DA:71,0
DA:72,0
DA:75,0
DA:76,0
DA:77,0
DA:78,0
DA:79,0
DA:80,0
DA:82,0
DA:86,0
DA:88,0
DA:89,0
DA:92,0
DA:99,0
DA:102,0
DA:103,0
DA:104,0
DA:105,0
DA:106,0
DA:107,0
DA:108,0
DA:109,0
DA:112,0
DA:113,0
DA:131,0
DA:135,0
DA:142,0
DA:143,0
DA:144,0
DA:145,0
DA:151,0
DA:160,0
DA:161,0
DA:163,0
DA:165,0
DA:169,0
DA:191,0
DA:195,0
DA:204,0
DA:207,0
DA:211,0
DA:221,0
DA:225,0
DA:226,0
DA:242,0
DA:247,0
DA:250,0
DA:253,0
DA:263,0
LF:77
LH:0
BRDA:142,0,0,0
BRDA:142,0,1,0
BRDA:161,1,0,0
BRDA:161,1,1,0
BRDA:161,1,2,0
BRDA:161,1,3,0
BRDA:165,2,0,0
BRDA:165,2,1,0
BRDA:173,3,0,0
BRDA:173,3,1,0
BRDA:225,4,0,0
BRDA:225,4,1,0
BRDA:267,5,0,0
BRDA:267,5,1,0
BRDA:268,6,0,0
BRDA:268,6,1,0
BRDA:270,7,0,0
BRDA:270,7,1,0
BRF:18
BRH:0
end_of_record
